
ROM used: 1539 (19%)
          1539 (19%) including unused fragments

          3 Average locations per line
          17 Average locations per statement

RAM used: 29 (8%) at main() level
          53 (14%) worst case

Stack used: 6 worst case (out of 8 total available)

Lines Stmts  %   Files
----- ----- ---  -----
   67    27  30  Proyecto Integrador 3 sensores de flujo.c
  309     0   0  ..\..\..\..\Archivos de programa\PICC\devices\16f877a.h
  178    63  70  ..\..\..\..\Archivos de programa\PICC\drivers\lcd.c
----- -----
  554    90 Total

Page ROM  %  RAM   Vol Diff  Functions:
---- --- --- ---   --- ----  ----------
0     21   1   1             @delay_ms1
0      8   1   0             @const58
 Inline        3   463  4.3  lcd_read_byte
0     12   1   1   134  2.2  lcd_send_nibble
0     58   4   3   317  4.3  lcd_send_byte
0     44   3   2   422  4.7  lcd_init
0     18   1   4   186  5.5  lcd_gotoxy
0     37   2   1   272  4.1  lcd_putc
0    198  13   4   536  3.3  MAIN
0     31   2   2             @ITOF
0    117   8  13             @MULFF
0    321  21  16             @ADDFF
0    115   7   2   160  1.7  verlcd
0     32   2   0             @const102
0     31   2   5             @FTOSD
0     66   4  13             @DIV3232
0    202  13  13             @PRINTF_L32D_78FPFPF
0     16   1   0             @const111
0    208  14  13             @PRINTF_L32D_9600_62_63FPFPF

Program metrics:
    Functions               8
    Statements              90
    Comments                133
    Volume (V)              3881
    Difficilty (D)          28.6
    Effort to implement (E) 110848
    Time to implement (T)   1 hours, 43 minutes
    Est Delivered Bugs (B)  1
    Cyclomatic Complexity   7
    Maintainability (MI)    101

 Segment     Used  Free
-----------  ----  ----
00000-00003     4  0  
00004-007FF  1535  509  
00800-00FFF     0  2048  
01000-017FF     0  2048  
01800-01FFF     0  2048  



